2025-06-16T09:14:54Z | INFO | add_bitacora_entry_v0.3.0 | 🚀 Iniciando comando: AGREGAR
2025-06-16T09:15:29Z | INFO | add_bitacora_entry_v0.3.0 | Backup creado: /home/bird/alma_core/docs/journal/backups/bitacora_viva_backup_20250616_091529.yaml
2025-06-16T09:15:29Z | INFO | add_bitacora_entry_v0.3.0 | Triple formato actualizado: bitacora_viva.yaml
2025-06-16T09:15:29Z | INFO | add_bitacora_entry_v0.3.0 | Triple formato actualizado: bitacora_viva.yaml
2025-06-16T09:15:29Z | INFO | add_bitacora_entry_v0.3.0 | Registro changelog: alta | Entrada: d6d6bcea-d585-4e43-a7ee-28826329908b
2025-06-16T09:15:29Z | INFO | add_bitacora_entry_v0.3.0 | ✅ Entrada agregada: ID=d6d6bcea-d585-4e43-a7ee-28826329908b
2025-06-16T09:33:01Z | INFO | add_bitacora_entry_v0.3.0 | 🚀 Iniciando comando: AGREGAR
2025-06-16T09:33:01Z | INFO | add_bitacora_entry_v0.3.0 | Backup creado: /home/bird/alma_core/docs/journal/backups/bitacora_viva_backup_20250616_093301.yaml
2025-06-16T09:33:01Z | INFO | add_bitacora_entry_v0.3.0 | Triple formato actualizado: bitacora_viva.yaml
2025-06-16T09:33:01Z | INFO | add_bitacora_entry_v0.3.0 | Triple formato actualizado: bitacora_viva.yaml
2025-06-16T09:33:01Z | INFO | add_bitacora_entry_v0.3.0 | Registro changelog: alta | Entrada: fb9ac7a4-baab-49d1-ae9d-62a0d497facc
2025-06-16T09:33:01Z | INFO | add_bitacora_entry_v0.3.0 | ✅ Entrada agregada: ID=fb9ac7a4-baab-49d1-ae9d-62a0d497facc
2025-06-16T10:22:16Z | INFO | add_bitacora_entry_v0.3.0 | 🚀 Iniciando comando: AGREGAR
2025-06-16T10:22:21Z | INFO | add_bitacora_entry_v0.3.0 | Backup creado: /home/bird/alma_core/docs/journal/backups/bitacora_viva_backup_20250616_102221.yaml
2025-06-16T10:22:21Z | INFO | add_bitacora_entry_v0.3.0 | Triple formato actualizado: bitacora_viva.yaml
2025-06-16T10:22:21Z | INFO | add_bitacora_entry_v0.3.0 | Triple formato actualizado: bitacora_viva.yaml
2025-06-16T10:22:21Z | INFO | add_bitacora_entry_v0.3.0 | Registro changelog: alta | Entrada: 1845f35b-57bd-4727-ab10-200e322501dd
2025-06-16T10:22:21Z | INFO | add_bitacora_entry_v0.3.0 | ✅ Entrada agregada: ID=1845f35b-57bd-4727-ab10-200e322501dd
2025-06-18T23:54:23Z | INFO | add_bitacora_entry_v0.3.0 | 🚀 Iniciando comando: AGREGAR
2025-06-18T23:54:23Z | ERROR | add_bitacora_entry_v0.3.0 | ERROR DE VALIDACIÓN: Metadato obligatorio faltante: version
2025-06-18T23:54:23Z | ERROR | add_bitacora_entry_v0.3.0 | 🚨 ERROR CRÍTICO: Bitácora corrupta: Metadato obligatorio faltante: version
2025-06-18T23:55:04Z | INFO | add_bitacora_entry_v0.3.0 | 🚀 Iniciando comando: AGREGAR
2025-06-18T23:55:04Z | ERROR | add_bitacora_entry_v0.3.0 | FALLO EN BACKUP: [Errno 2] No such file or directory: '/home/bird/alma_core/control_central/agentes/bird/bitacoras/bitacora_personal_bird.yaml'
2025-06-18T23:55:04Z | ERROR | add_bitacora_entry_v0.3.0 | 🚨 ERROR CRÍTICO: Error creando backup: [Errno 2] No such file or directory: '/home/bird/alma_core/control_central/agentes/bird/bitacoras/bitacora_personal_bird.yaml'
2025-06-19T00:37:19Z | INFO | add_bitacora_entry_v0.3.0 | 🚀 Iniciando comando: AGREGAR
2025-06-19T00:37:19Z | INFO | add_bitacora_entry_v0.3.0 | Backup creado: /home/bird/alma_core/docs/journal/backups/bitacora_personal_bird_backup_20250619_003719.yaml
2025-06-19T00:37:19Z | INFO | add_bitacora_entry_v0.3.0 | Triple formato actualizado: bitacora_personal_bird.yaml
2025-06-19T00:37:19Z | INFO | add_bitacora_entry_v0.3.0 | Triple formato actualizado: bitacora_personal_bird.yaml
2025-06-19T00:37:19Z | INFO | add_bitacora_entry_v0.3.0 | Registro changelog: alta | Entrada: 8b63064b-fd02-42d5-9972-65c050b956fb
2025-06-19T00:37:19Z | INFO | add_bitacora_entry_v0.3.0 | ✅ Entrada agregada: ID=8b63064b-fd02-42d5-9972-65c050b956fb
