2025-06-16 04:53:14,724 - bitacora_manager - INFO - Iniciando proceso de registro en bit치cora
2025-06-16 04:53:14,740 - bitacora_manager - INFO - Backup creado: /home/bird/alma_core/core/notebooks/alma-cli/bitacora/docs/journal/backups/bitacora_viva_backup_20250616_075314.yaml
2025-06-16 04:53:14,756 - bitacora_manager - INFO - Archivos generados:
- YAML: /home/bird/alma_core/docs/journal/bitacora_viva.yaml
- JSON: /home/bird/alma_core/docs/journal/bitacora_viva.json
- MD: /home/bird/alma_core/docs/journal/bitacora_viva.md
2025-06-16 04:53:14,773 - bitacora_manager - INFO - Entrada registrada exitosamente. ID: 2e9208fc-137e-4666-a640-263a64fbe284
2025-06-16 05:05:43,278 - bitacora_manager - INFO - Iniciando proceso de registro en bit치cora
2025-06-16 05:05:43,295 - bitacora_manager - INFO - Backup creado: /home/bird/alma_core/docs/journal/backups/bitacora_viva_backup_20250616_080543.yaml
2025-06-16 05:05:43,314 - bitacora_manager - INFO - Archivos generados:
- YAML: /home/bird/alma_core/docs/journal/bitacora_viva.yaml
- JSON: /home/bird/alma_core/docs/journal/bitacora_viva.json
- MD: /home/bird/alma_core/docs/journal/bitacora_viva.md
2025-06-16 05:05:43,334 - bitacora_manager - INFO - Entrada registrada exitosamente. ID: 65843bc6-e2ed-4191-b58c-829e91b2eb97
2025-06-16 05:48:36,884 - bitacora_manager - INFO - Iniciando proceso de registro en bit치cora
2025-06-16 05:48:36,904 - bitacora_manager - INFO - Backup creado: /home/bird/alma_core/docs/journal/backups/bitacora_viva_backup_20250616_084836.yaml
2025-06-16 05:48:36,925 - bitacora_manager - INFO - Archivos generados:
- YAML: /home/bird/alma_core/docs/journal/bitacora_viva.yaml
- JSON: /home/bird/alma_core/docs/journal/bitacora_viva.json
- MD: /home/bird/alma_core/docs/journal/bitacora_viva.md
2025-06-16 05:48:36,946 - bitacora_manager - INFO - Entrada registrada exitosamente. ID: 2f1d6b7b-24c0-4863-bac1-61b9066fe0cd
2025-06-16 06:04:35,353 - bitacora_manager - INFO - Iniciando proceso de registro en bit치cora
2025-06-16 06:04:35,376 - bitacora_manager - INFO - Backup creado: /home/bird/alma_core/docs/journal/backups/bitacora_viva_backup_20250616_090435.yaml
2025-06-16 06:04:35,398 - bitacora_manager - INFO - Archivos generados:
- YAML: /home/bird/alma_core/docs/journal/bitacora_viva.yaml
- JSON: /home/bird/alma_core/docs/journal/bitacora_viva.json
- MD: /home/bird/alma_core/docs/journal/bitacora_viva.md
2025-06-16 06:04:35,427 - bitacora_manager - INFO - Entrada registrada exitosamente. ID: 33cfa43e-19b5-4455-8707-6f42318b27d6
