2025-05-14 17:15:42,199 - apscheduler.scheduler - INFO - Adding job tentatively -- it will be properly scheduled when the scheduler starts
2025-05-14 17:15:42,199 - __main__ - INFO - Iniciando buffer_bot...
2025-05-14 17:15:42,889 - httpx - INFO - HTTP Request: POST https://api.telegram.org/bot7666744025:AAFo3iiw9loASRl5AyaDK7zqr-HUnwTxwLQ/getMe "HTTP/1.1 200 OK"
2025-05-14 17:15:43,109 - httpx - INFO - HTTP Request: POST https://api.telegram.org/bot7666744025:AAFo3iiw9loASRl5AyaDK7zqr-HUnwTxwLQ/deleteWebhook "HTTP/1.1 200 OK"
2025-05-14 17:15:43,111 - apscheduler.scheduler - INFO - Added job "daily_summary" to job store "default"
2025-05-14 17:15:43,111 - apscheduler.scheduler - INFO - Scheduler started
2025-05-14 17:15:43,112 - telegram.ext.Application - INFO - Application started
2025-05-14 17:15:53,811 - httpx - INFO - HTTP Request: POST https://api.telegram.org/bot7666744025:AAFo3iiw9loASRl5AyaDK7zqr-HUnwTxwLQ/getUpdates "HTTP/1.1 200 OK"
2025-05-14 17:16:04,047 - httpx - INFO - HTTP Request: POST https://api.telegram.org/bot7666744025:AAFo3iiw9loASRl5AyaDK7zqr-HUnwTxwLQ/getUpdates "HTTP/1.1 200 OK"
2025-05-14 17:16:13,789 - httpx - INFO - HTTP Request: POST https://api.telegram.org/bot7666744025:AAFo3iiw9loASRl5AyaDK7zqr-HUnwTxwLQ/getUpdates "HTTP/1.1 200 OK"
2025-05-14 17:16:14,931 - httpx - INFO - HTTP Request: POST https://api.telegram.org/bot7666744025:AAFo3iiw9loASRl5AyaDK7zqr-HUnwTxwLQ/getFile "HTTP/1.1 200 OK"
2025-05-14 17:16:15,389 - httpx - INFO - HTTP Request: GET https://api.telegram.org/file/bot7666744025%3AAAFo3iiw9loASRl5AyaDK7zqr-HUnwTxwLQ/voice/file_2.oga "HTTP/1.1 200 OK"
2025-05-14 17:16:30,328 - __main__ - INFO - Idea añadida: {'hora': '17:16', 'texto': ' Bueno, a ver hoy tuvimos la idea de trabajar en el mal libre, tuvimos creando para que los resummenes diarios a través de Telegram, en que estraguen las ideas, bueno, la idea de seguirlo mejorando para que no lo transcriba completamente, sino que lo guarden la memoria hasta que yo le pida el barra resummen.'}
2025-05-14 17:16:30,330 - httpx - INFO - HTTP Request: POST https://api.telegram.org/bot7666744025:AAFo3iiw9loASRl5AyaDK7zqr-HUnwTxwLQ/getUpdates "HTTP/1.1 200 OK"
2025-05-14 17:16:31,171 - httpx - INFO - HTTP Request: POST https://api.telegram.org/bot7666744025:AAFo3iiw9loASRl5AyaDK7zqr-HUnwTxwLQ/sendMessage "HTTP/1.1 200 OK"
2025-05-14 17:16:40,569 - httpx - INFO - HTTP Request: POST https://api.telegram.org/bot7666744025:AAFo3iiw9loASRl5AyaDK7zqr-HUnwTxwLQ/getUpdates "HTTP/1.1 200 OK"
2025-05-14 17:16:50,807 - httpx - INFO - HTTP Request: POST https://api.telegram.org/bot7666744025:AAFo3iiw9loASRl5AyaDK7zqr-HUnwTxwLQ/getUpdates "HTTP/1.1 200 OK"
2025-05-14 17:17:01,042 - httpx - INFO - HTTP Request: POST https://api.telegram.org/bot7666744025:AAFo3iiw9loASRl5AyaDK7zqr-HUnwTxwLQ/getUpdates "HTTP/1.1 200 OK"
2025-05-14 17:17:07,709 - httpx - INFO - HTTP Request: POST https://api.telegram.org/bot7666744025:AAFo3iiw9loASRl5AyaDK7zqr-HUnwTxwLQ/getUpdates "HTTP/1.1 200 OK"
2025-05-14 17:17:08,531 - httpx - INFO - HTTP Request: POST https://api.telegram.org/bot7666744025:AAFo3iiw9loASRl5AyaDK7zqr-HUnwTxwLQ/sendMessage "HTTP/1.1 200 OK"
2025-05-14 17:17:17,948 - httpx - INFO - HTTP Request: POST https://api.telegram.org/bot7666744025:AAFo3iiw9loASRl5AyaDK7zqr-HUnwTxwLQ/getUpdates "HTTP/1.1 200 OK"
2025-05-14 17:17:28,184 - httpx - INFO - HTTP Request: POST https://api.telegram.org/bot7666744025:AAFo3iiw9loASRl5AyaDK7zqr-HUnwTxwLQ/getUpdates "HTTP/1.1 200 OK"
2025-05-14 17:17:38,418 - httpx - INFO - HTTP Request: POST https://api.telegram.org/bot7666744025:AAFo3iiw9loASRl5AyaDK7zqr-HUnwTxwLQ/getUpdates "HTTP/1.1 200 OK"
2025-05-14 17:17:48,652 - httpx - INFO - HTTP Request: POST https://api.telegram.org/bot7666744025:AAFo3iiw9loASRl5AyaDK7zqr-HUnwTxwLQ/getUpdates "HTTP/1.1 200 OK"
2025-05-14 17:17:58,885 - httpx - INFO - HTTP Request: POST https://api.telegram.org/bot7666744025:AAFo3iiw9loASRl5AyaDK7zqr-HUnwTxwLQ/getUpdates "HTTP/1.1 200 OK"
2025-05-14 17:18:09,119 - httpx - INFO - HTTP Request: POST https://api.telegram.org/bot7666744025:AAFo3iiw9loASRl5AyaDK7zqr-HUnwTxwLQ/getUpdates "HTTP/1.1 200 OK"
2025-05-14 17:18:19,354 - httpx - INFO - HTTP Request: POST https://api.telegram.org/bot7666744025:AAFo3iiw9loASRl5AyaDK7zqr-HUnwTxwLQ/getUpdates "HTTP/1.1 200 OK"
2025-05-14 17:18:29,591 - httpx - INFO - HTTP Request: POST https://api.telegram.org/bot7666744025:AAFo3iiw9loASRl5AyaDK7zqr-HUnwTxwLQ/getUpdates "HTTP/1.1 200 OK"
2025-05-14 17:18:39,832 - httpx - INFO - HTTP Request: POST https://api.telegram.org/bot7666744025:AAFo3iiw9loASRl5AyaDK7zqr-HUnwTxwLQ/getUpdates "HTTP/1.1 200 OK"
2025-05-14 17:18:50,067 - httpx - INFO - HTTP Request: POST https://api.telegram.org/bot7666744025:AAFo3iiw9loASRl5AyaDK7zqr-HUnwTxwLQ/getUpdates "HTTP/1.1 200 OK"
2025-05-14 17:19:00,305 - httpx - INFO - HTTP Request: POST https://api.telegram.org/bot7666744025:AAFo3iiw9loASRl5AyaDK7zqr-HUnwTxwLQ/getUpdates "HTTP/1.1 200 OK"
2025-05-14 17:19:10,542 - httpx - INFO - HTTP Request: POST https://api.telegram.org/bot7666744025:AAFo3iiw9loASRl5AyaDK7zqr-HUnwTxwLQ/getUpdates "HTTP/1.1 200 OK"
2025-05-14 17:19:20,776 - httpx - INFO - HTTP Request: POST https://api.telegram.org/bot7666744025:AAFo3iiw9loASRl5AyaDK7zqr-HUnwTxwLQ/getUpdates "HTTP/1.1 200 OK"
2025-05-14 17:19:31,019 - httpx - INFO - HTTP Request: POST https://api.telegram.org/bot7666744025:AAFo3iiw9loASRl5AyaDK7zqr-HUnwTxwLQ/getUpdates "HTTP/1.1 200 OK"
2025-05-14 17:19:41,251 - httpx - INFO - HTTP Request: POST https://api.telegram.org/bot7666744025:AAFo3iiw9loASRl5AyaDK7zqr-HUnwTxwLQ/getUpdates "HTTP/1.1 200 OK"
2025-05-14 17:19:51,484 - httpx - INFO - HTTP Request: POST https://api.telegram.org/bot7666744025:AAFo3iiw9loASRl5AyaDK7zqr-HUnwTxwLQ/getUpdates "HTTP/1.1 200 OK"
2025-05-14 17:20:01,719 - httpx - INFO - HTTP Request: POST https://api.telegram.org/bot7666744025:AAFo3iiw9loASRl5AyaDK7zqr-HUnwTxwLQ/getUpdates "HTTP/1.1 200 OK"
2025-05-14 17:20:11,952 - httpx - INFO - HTTP Request: POST https://api.telegram.org/bot7666744025:AAFo3iiw9loASRl5AyaDK7zqr-HUnwTxwLQ/getUpdates "HTTP/1.1 200 OK"
2025-05-14 17:20:22,188 - httpx - INFO - HTTP Request: POST https://api.telegram.org/bot7666744025:AAFo3iiw9loASRl5AyaDK7zqr-HUnwTxwLQ/getUpdates "HTTP/1.1 200 OK"
2025-05-14 17:20:32,422 - httpx - INFO - HTTP Request: POST https://api.telegram.org/bot7666744025:AAFo3iiw9loASRl5AyaDK7zqr-HUnwTxwLQ/getUpdates "HTTP/1.1 200 OK"
2025-05-14 17:20:42,662 - httpx - INFO - HTTP Request: POST https://api.telegram.org/bot7666744025:AAFo3iiw9loASRl5AyaDK7zqr-HUnwTxwLQ/getUpdates "HTTP/1.1 200 OK"
2025-05-14 17:20:52,895 - httpx - INFO - HTTP Request: POST https://api.telegram.org/bot7666744025:AAFo3iiw9loASRl5AyaDK7zqr-HUnwTxwLQ/getUpdates "HTTP/1.1 200 OK"
2025-05-14 17:21:03,130 - httpx - INFO - HTTP Request: POST https://api.telegram.org/bot7666744025:AAFo3iiw9loASRl5AyaDK7zqr-HUnwTxwLQ/getUpdates "HTTP/1.1 200 OK"
2025-05-14 17:21:13,363 - httpx - INFO - HTTP Request: POST https://api.telegram.org/bot7666744025:AAFo3iiw9loASRl5AyaDK7zqr-HUnwTxwLQ/getUpdates "HTTP/1.1 200 OK"
2025-05-14 17:21:23,597 - httpx - INFO - HTTP Request: POST https://api.telegram.org/bot7666744025:AAFo3iiw9loASRl5AyaDK7zqr-HUnwTxwLQ/getUpdates "HTTP/1.1 200 OK"
2025-05-14 17:21:33,832 - httpx - INFO - HTTP Request: POST https://api.telegram.org/bot7666744025:AAFo3iiw9loASRl5AyaDK7zqr-HUnwTxwLQ/getUpdates "HTTP/1.1 200 OK"
2025-05-14 17:21:44,066 - httpx - INFO - HTTP Request: POST https://api.telegram.org/bot7666744025:AAFo3iiw9loASRl5AyaDK7zqr-HUnwTxwLQ/getUpdates "HTTP/1.1 200 OK"
2025-05-14 17:21:54,307 - httpx - INFO - HTTP Request: POST https://api.telegram.org/bot7666744025:AAFo3iiw9loASRl5AyaDK7zqr-HUnwTxwLQ/getUpdates "HTTP/1.1 200 OK"
2025-05-14 17:22:04,540 - httpx - INFO - HTTP Request: POST https://api.telegram.org/bot7666744025:AAFo3iiw9loASRl5AyaDK7zqr-HUnwTxwLQ/getUpdates "HTTP/1.1 200 OK"
2025-05-14 17:22:14,776 - httpx - INFO - HTTP Request: POST https://api.telegram.org/bot7666744025:AAFo3iiw9loASRl5AyaDK7zqr-HUnwTxwLQ/getUpdates "HTTP/1.1 200 OK"
2025-05-14 17:22:25,011 - httpx - INFO - HTTP Request: POST https://api.telegram.org/bot7666744025:AAFo3iiw9loASRl5AyaDK7zqr-HUnwTxwLQ/getUpdates "HTTP/1.1 200 OK"
2025-05-14 17:22:35,244 - httpx - INFO - HTTP Request: POST https://api.telegram.org/bot7666744025:AAFo3iiw9loASRl5AyaDK7zqr-HUnwTxwLQ/getUpdates "HTTP/1.1 200 OK"
2025-05-14 17:22:45,505 - httpx - INFO - HTTP Request: POST https://api.telegram.org/bot7666744025:AAFo3iiw9loASRl5AyaDK7zqr-HUnwTxwLQ/getUpdates "HTTP/1.1 200 OK"
2025-05-14 17:22:55,739 - httpx - INFO - HTTP Request: POST https://api.telegram.org/bot7666744025:AAFo3iiw9loASRl5AyaDK7zqr-HUnwTxwLQ/getUpdates "HTTP/1.1 200 OK"
2025-05-14 17:23:05,976 - httpx - INFO - HTTP Request: POST https://api.telegram.org/bot7666744025:AAFo3iiw9loASRl5AyaDK7zqr-HUnwTxwLQ/getUpdates "HTTP/1.1 200 OK"
2025-05-14 17:23:16,214 - httpx - INFO - HTTP Request: POST https://api.telegram.org/bot7666744025:AAFo3iiw9loASRl5AyaDK7zqr-HUnwTxwLQ/getUpdates "HTTP/1.1 200 OK"
2025-05-14 17:23:26,450 - httpx - INFO - HTTP Request: POST https://api.telegram.org/bot7666744025:AAFo3iiw9loASRl5AyaDK7zqr-HUnwTxwLQ/getUpdates "HTTP/1.1 200 OK"
2025-05-14 17:23:36,688 - httpx - INFO - HTTP Request: POST https://api.telegram.org/bot7666744025:AAFo3iiw9loASRl5AyaDK7zqr-HUnwTxwLQ/getUpdates "HTTP/1.1 200 OK"
2025-05-14 17:23:46,920 - httpx - INFO - HTTP Request: POST https://api.telegram.org/bot7666744025:AAFo3iiw9loASRl5AyaDK7zqr-HUnwTxwLQ/getUpdates "HTTP/1.1 200 OK"
2025-05-14 17:23:57,164 - httpx - INFO - HTTP Request: POST https://api.telegram.org/bot7666744025:AAFo3iiw9loASRl5AyaDK7zqr-HUnwTxwLQ/getUpdates "HTTP/1.1 200 OK"
2025-05-14 17:24:07,399 - httpx - INFO - HTTP Request: POST https://api.telegram.org/bot7666744025:AAFo3iiw9loASRl5AyaDK7zqr-HUnwTxwLQ/getUpdates "HTTP/1.1 200 OK"
2025-05-14 17:24:17,638 - httpx - INFO - HTTP Request: POST https://api.telegram.org/bot7666744025:AAFo3iiw9loASRl5AyaDK7zqr-HUnwTxwLQ/getUpdates "HTTP/1.1 200 OK"
2025-05-14 17:24:27,894 - httpx - INFO - HTTP Request: POST https://api.telegram.org/bot7666744025:AAFo3iiw9loASRl5AyaDK7zqr-HUnwTxwLQ/getUpdates "HTTP/1.1 200 OK"
2025-05-14 17:24:38,131 - httpx - INFO - HTTP Request: POST https://api.telegram.org/bot7666744025:AAFo3iiw9loASRl5AyaDK7zqr-HUnwTxwLQ/getUpdates "HTTP/1.1 200 OK"
2025-05-14 17:24:48,364 - httpx - INFO - HTTP Request: POST https://api.telegram.org/bot7666744025:AAFo3iiw9loASRl5AyaDK7zqr-HUnwTxwLQ/getUpdates "HTTP/1.1 200 OK"
2025-05-14 17:24:58,597 - httpx - INFO - HTTP Request: POST https://api.telegram.org/bot7666744025:AAFo3iiw9loASRl5AyaDK7zqr-HUnwTxwLQ/getUpdates "HTTP/1.1 200 OK"
2025-05-14 17:25:08,830 - httpx - INFO - HTTP Request: POST https://api.telegram.org/bot7666744025:AAFo3iiw9loASRl5AyaDK7zqr-HUnwTxwLQ/getUpdates "HTTP/1.1 200 OK"
2025-05-14 17:25:19,066 - httpx - INFO - HTTP Request: POST https://api.telegram.org/bot7666744025:AAFo3iiw9loASRl5AyaDK7zqr-HUnwTxwLQ/getUpdates "HTTP/1.1 200 OK"
2025-05-14 17:25:29,301 - httpx - INFO - HTTP Request: POST https://api.telegram.org/bot7666744025:AAFo3iiw9loASRl5AyaDK7zqr-HUnwTxwLQ/getUpdates "HTTP/1.1 200 OK"
2025-05-14 17:25:39,540 - httpx - INFO - HTTP Request: POST https://api.telegram.org/bot7666744025:AAFo3iiw9loASRl5AyaDK7zqr-HUnwTxwLQ/getUpdates "HTTP/1.1 200 OK"
2025-05-14 17:25:49,777 - httpx - INFO - HTTP Request: POST https://api.telegram.org/bot7666744025:AAFo3iiw9loASRl5AyaDK7zqr-HUnwTxwLQ/getUpdates "HTTP/1.1 200 OK"
2025-05-14 17:26:00,011 - httpx - INFO - HTTP Request: POST https://api.telegram.org/bot7666744025:AAFo3iiw9loASRl5AyaDK7zqr-HUnwTxwLQ/getUpdates "HTTP/1.1 200 OK"
2025-05-14 17:26:10,248 - httpx - INFO - HTTP Request: POST https://api.telegram.org/bot7666744025:AAFo3iiw9loASRl5AyaDK7zqr-HUnwTxwLQ/getUpdates "HTTP/1.1 200 OK"
2025-05-14 17:26:20,484 - httpx - INFO - HTTP Request: POST https://api.telegram.org/bot7666744025:AAFo3iiw9loASRl5AyaDK7zqr-HUnwTxwLQ/getUpdates "HTTP/1.1 200 OK"
2025-05-14 17:26:30,717 - httpx - INFO - HTTP Request: POST https://api.telegram.org/bot7666744025:AAFo3iiw9loASRl5AyaDK7zqr-HUnwTxwLQ/getUpdates "HTTP/1.1 200 OK"
2025-05-14 17:26:40,952 - httpx - INFO - HTTP Request: POST https://api.telegram.org/bot7666744025:AAFo3iiw9loASRl5AyaDK7zqr-HUnwTxwLQ/getUpdates "HTTP/1.1 200 OK"
2025-05-14 17:26:51,189 - httpx - INFO - HTTP Request: POST https://api.telegram.org/bot7666744025:AAFo3iiw9loASRl5AyaDK7zqr-HUnwTxwLQ/getUpdates "HTTP/1.1 200 OK"
2025-05-14 17:27:01,423 - httpx - INFO - HTTP Request: POST https://api.telegram.org/bot7666744025:AAFo3iiw9loASRl5AyaDK7zqr-HUnwTxwLQ/getUpdates "HTTP/1.1 200 OK"
2025-05-14 17:27:11,658 - httpx - INFO - HTTP Request: POST https://api.telegram.org/bot7666744025:AAFo3iiw9loASRl5AyaDK7zqr-HUnwTxwLQ/getUpdates "HTTP/1.1 200 OK"
2025-05-14 17:27:21,890 - httpx - INFO - HTTP Request: POST https://api.telegram.org/bot7666744025:AAFo3iiw9loASRl5AyaDK7zqr-HUnwTxwLQ/getUpdates "HTTP/1.1 200 OK"
2025-05-14 17:27:32,123 - httpx - INFO - HTTP Request: POST https://api.telegram.org/bot7666744025:AAFo3iiw9loASRl5AyaDK7zqr-HUnwTxwLQ/getUpdates "HTTP/1.1 200 OK"
2025-05-14 17:27:42,360 - httpx - INFO - HTTP Request: POST https://api.telegram.org/bot7666744025:AAFo3iiw9loASRl5AyaDK7zqr-HUnwTxwLQ/getUpdates "HTTP/1.1 200 OK"
2025-05-14 17:27:52,609 - httpx - INFO - HTTP Request: POST https://api.telegram.org/bot7666744025:AAFo3iiw9loASRl5AyaDK7zqr-HUnwTxwLQ/getUpdates "HTTP/1.1 200 OK"
2025-05-14 17:28:02,843 - httpx - INFO - HTTP Request: POST https://api.telegram.org/bot7666744025:AAFo3iiw9loASRl5AyaDK7zqr-HUnwTxwLQ/getUpdates "HTTP/1.1 200 OK"
2025-05-14 17:28:13,080 - httpx - INFO - HTTP Request: POST https://api.telegram.org/bot7666744025:AAFo3iiw9loASRl5AyaDK7zqr-HUnwTxwLQ/getUpdates "HTTP/1.1 200 OK"
2025-05-14 17:28:23,313 - httpx - INFO - HTTP Request: POST https://api.telegram.org/bot7666744025:AAFo3iiw9loASRl5AyaDK7zqr-HUnwTxwLQ/getUpdates "HTTP/1.1 200 OK"
2025-05-14 17:28:33,553 - httpx - INFO - HTTP Request: POST https://api.telegram.org/bot7666744025:AAFo3iiw9loASRl5AyaDK7zqr-HUnwTxwLQ/getUpdates "HTTP/1.1 200 OK"
2025-05-14 17:28:43,789 - httpx - INFO - HTTP Request: POST https://api.telegram.org/bot7666744025:AAFo3iiw9loASRl5AyaDK7zqr-HUnwTxwLQ/getUpdates "HTTP/1.1 200 OK"
2025-05-14 17:28:54,023 - httpx - INFO - HTTP Request: POST https://api.telegram.org/bot7666744025:AAFo3iiw9loASRl5AyaDK7zqr-HUnwTxwLQ/getUpdates "HTTP/1.1 200 OK"
2025-05-14 17:29:04,258 - httpx - INFO - HTTP Request: POST https://api.telegram.org/bot7666744025:AAFo3iiw9loASRl5AyaDK7zqr-HUnwTxwLQ/getUpdates "HTTP/1.1 200 OK"
2025-05-14 17:29:14,506 - httpx - INFO - HTTP Request: POST https://api.telegram.org/bot7666744025:AAFo3iiw9loASRl5AyaDK7zqr-HUnwTxwLQ/getUpdates "HTTP/1.1 200 OK"
2025-05-14 17:29:24,739 - httpx - INFO - HTTP Request: POST https://api.telegram.org/bot7666744025:AAFo3iiw9loASRl5AyaDK7zqr-HUnwTxwLQ/getUpdates "HTTP/1.1 200 OK"
2025-05-14 17:29:34,973 - httpx - INFO - HTTP Request: POST https://api.telegram.org/bot7666744025:AAFo3iiw9loASRl5AyaDK7zqr-HUnwTxwLQ/getUpdates "HTTP/1.1 200 OK"
2025-05-14 17:29:45,211 - httpx - INFO - HTTP Request: POST https://api.telegram.org/bot7666744025:AAFo3iiw9loASRl5AyaDK7zqr-HUnwTxwLQ/getUpdates "HTTP/1.1 200 OK"
2025-05-14 17:29:55,449 - httpx - INFO - HTTP Request: POST https://api.telegram.org/bot7666744025:AAFo3iiw9loASRl5AyaDK7zqr-HUnwTxwLQ/getUpdates "HTTP/1.1 200 OK"
2025-05-14 17:30:05,682 - httpx - INFO - HTTP Request: POST https://api.telegram.org/bot7666744025:AAFo3iiw9loASRl5AyaDK7zqr-HUnwTxwLQ/getUpdates "HTTP/1.1 200 OK"
2025-05-14 17:30:15,919 - httpx - INFO - HTTP Request: POST https://api.telegram.org/bot7666744025:AAFo3iiw9loASRl5AyaDK7zqr-HUnwTxwLQ/getUpdates "HTTP/1.1 200 OK"
2025-05-14 17:30:26,153 - httpx - INFO - HTTP Request: POST https://api.telegram.org/bot7666744025:AAFo3iiw9loASRl5AyaDK7zqr-HUnwTxwLQ/getUpdates "HTTP/1.1 200 OK"
2025-05-14 17:30:36,391 - httpx - INFO - HTTP Request: POST https://api.telegram.org/bot7666744025:AAFo3iiw9loASRl5AyaDK7zqr-HUnwTxwLQ/getUpdates "HTTP/1.1 200 OK"
2025-05-14 17:30:46,631 - httpx - INFO - HTTP Request: POST https://api.telegram.org/bot7666744025:AAFo3iiw9loASRl5AyaDK7zqr-HUnwTxwLQ/getUpdates "HTTP/1.1 200 OK"
2025-05-14 17:30:56,867 - httpx - INFO - HTTP Request: POST https://api.telegram.org/bot7666744025:AAFo3iiw9loASRl5AyaDK7zqr-HUnwTxwLQ/getUpdates "HTTP/1.1 200 OK"
2025-05-14 17:31:07,101 - httpx - INFO - HTTP Request: POST https://api.telegram.org/bot7666744025:AAFo3iiw9loASRl5AyaDK7zqr-HUnwTxwLQ/getUpdates "HTTP/1.1 200 OK"
2025-05-14 17:31:17,337 - httpx - INFO - HTTP Request: POST https://api.telegram.org/bot7666744025:AAFo3iiw9loASRl5AyaDK7zqr-HUnwTxwLQ/getUpdates "HTTP/1.1 200 OK"
2025-05-14 17:31:27,571 - httpx - INFO - HTTP Request: POST https://api.telegram.org/bot7666744025:AAFo3iiw9loASRl5AyaDK7zqr-HUnwTxwLQ/getUpdates "HTTP/1.1 200 OK"
2025-05-14 17:31:37,812 - httpx - INFO - HTTP Request: POST https://api.telegram.org/bot7666744025:AAFo3iiw9loASRl5AyaDK7zqr-HUnwTxwLQ/getUpdates "HTTP/1.1 200 OK"
2025-05-14 17:31:48,046 - httpx - INFO - HTTP Request: POST https://api.telegram.org/bot7666744025:AAFo3iiw9loASRl5AyaDK7zqr-HUnwTxwLQ/getUpdates "HTTP/1.1 200 OK"
2025-05-14 17:31:58,284 - httpx - INFO - HTTP Request: POST https://api.telegram.org/bot7666744025:AAFo3iiw9loASRl5AyaDK7zqr-HUnwTxwLQ/getUpdates "HTTP/1.1 200 OK"
2025-05-14 17:32:08,520 - httpx - INFO - HTTP Request: POST https://api.telegram.org/bot7666744025:AAFo3iiw9loASRl5AyaDK7zqr-HUnwTxwLQ/getUpdates "HTTP/1.1 200 OK"
2025-05-14 17:32:18,754 - httpx - INFO - HTTP Request: POST https://api.telegram.org/bot7666744025:AAFo3iiw9loASRl5AyaDK7zqr-HUnwTxwLQ/getUpdates "HTTP/1.1 200 OK"
2025-05-14 17:32:28,992 - httpx - INFO - HTTP Request: POST https://api.telegram.org/bot7666744025:AAFo3iiw9loASRl5AyaDK7zqr-HUnwTxwLQ/getUpdates "HTTP/1.1 200 OK"
2025-05-14 17:32:39,225 - httpx - INFO - HTTP Request: POST https://api.telegram.org/bot7666744025:AAFo3iiw9loASRl5AyaDK7zqr-HUnwTxwLQ/getUpdates "HTTP/1.1 200 OK"
2025-05-14 17:32:49,471 - httpx - INFO - HTTP Request: POST https://api.telegram.org/bot7666744025:AAFo3iiw9loASRl5AyaDK7zqr-HUnwTxwLQ/getUpdates "HTTP/1.1 200 OK"
2025-05-14 17:33:00,413 - httpx - INFO - HTTP Request: POST https://api.telegram.org/bot7666744025:AAFo3iiw9loASRl5AyaDK7zqr-HUnwTxwLQ/getUpdates "HTTP/1.1 200 OK"
2025-05-14 17:33:10,651 - httpx - INFO - HTTP Request: POST https://api.telegram.org/bot7666744025:AAFo3iiw9loASRl5AyaDK7zqr-HUnwTxwLQ/getUpdates "HTTP/1.1 200 OK"
2025-05-14 17:33:20,885 - httpx - INFO - HTTP Request: POST https://api.telegram.org/bot7666744025:AAFo3iiw9loASRl5AyaDK7zqr-HUnwTxwLQ/getUpdates "HTTP/1.1 200 OK"
2025-05-14 17:33:31,121 - httpx - INFO - HTTP Request: POST https://api.telegram.org/bot7666744025:AAFo3iiw9loASRl5AyaDK7zqr-HUnwTxwLQ/getUpdates "HTTP/1.1 200 OK"
2025-05-14 17:33:41,356 - httpx - INFO - HTTP Request: POST https://api.telegram.org/bot7666744025:AAFo3iiw9loASRl5AyaDK7zqr-HUnwTxwLQ/getUpdates "HTTP/1.1 200 OK"
2025-05-14 17:33:51,592 - httpx - INFO - HTTP Request: POST https://api.telegram.org/bot7666744025:AAFo3iiw9loASRl5AyaDK7zqr-HUnwTxwLQ/getUpdates "HTTP/1.1 200 OK"
2025-05-14 17:34:01,825 - httpx - INFO - HTTP Request: POST https://api.telegram.org/bot7666744025:AAFo3iiw9loASRl5AyaDK7zqr-HUnwTxwLQ/getUpdates "HTTP/1.1 200 OK"
2025-05-14 17:34:12,062 - httpx - INFO - HTTP Request: POST https://api.telegram.org/bot7666744025:AAFo3iiw9loASRl5AyaDK7zqr-HUnwTxwLQ/getUpdates "HTTP/1.1 200 OK"
2025-05-14 17:34:22,298 - httpx - INFO - HTTP Request: POST https://api.telegram.org/bot7666744025:AAFo3iiw9loASRl5AyaDK7zqr-HUnwTxwLQ/getUpdates "HTTP/1.1 200 OK"
2025-05-14 17:34:32,540 - httpx - INFO - HTTP Request: POST https://api.telegram.org/bot7666744025:AAFo3iiw9loASRl5AyaDK7zqr-HUnwTxwLQ/getUpdates "HTTP/1.1 200 OK"
2025-05-14 17:34:42,777 - httpx - INFO - HTTP Request: POST https://api.telegram.org/bot7666744025:AAFo3iiw9loASRl5AyaDK7zqr-HUnwTxwLQ/getUpdates "HTTP/1.1 200 OK"
2025-05-14 17:34:53,016 - httpx - INFO - HTTP Request: POST https://api.telegram.org/bot7666744025:AAFo3iiw9loASRl5AyaDK7zqr-HUnwTxwLQ/getUpdates "HTTP/1.1 200 OK"
2025-05-14 17:35:03,251 - httpx - INFO - HTTP Request: POST https://api.telegram.org/bot7666744025:AAFo3iiw9loASRl5AyaDK7zqr-HUnwTxwLQ/getUpdates "HTTP/1.1 200 OK"
2025-05-14 17:35:13,485 - httpx - INFO - HTTP Request: POST https://api.telegram.org/bot7666744025:AAFo3iiw9loASRl5AyaDK7zqr-HUnwTxwLQ/getUpdates "HTTP/1.1 200 OK"
2025-05-14 17:35:23,720 - httpx - INFO - HTTP Request: POST https://api.telegram.org/bot7666744025:AAFo3iiw9loASRl5AyaDK7zqr-HUnwTxwLQ/getUpdates "HTTP/1.1 200 OK"
2025-05-14 17:35:33,955 - httpx - INFO - HTTP Request: POST https://api.telegram.org/bot7666744025:AAFo3iiw9loASRl5AyaDK7zqr-HUnwTxwLQ/getUpdates "HTTP/1.1 200 OK"
2025-05-14 17:35:44,193 - httpx - INFO - HTTP Request: POST https://api.telegram.org/bot7666744025:AAFo3iiw9loASRl5AyaDK7zqr-HUnwTxwLQ/getUpdates "HTTP/1.1 200 OK"
2025-05-14 17:35:54,426 - httpx - INFO - HTTP Request: POST https://api.telegram.org/bot7666744025:AAFo3iiw9loASRl5AyaDK7zqr-HUnwTxwLQ/getUpdates "HTTP/1.1 200 OK"
2025-05-14 17:36:04,661 - httpx - INFO - HTTP Request: POST https://api.telegram.org/bot7666744025:AAFo3iiw9loASRl5AyaDK7zqr-HUnwTxwLQ/getUpdates "HTTP/1.1 200 OK"
2025-05-14 17:36:14,908 - httpx - INFO - HTTP Request: POST https://api.telegram.org/bot7666744025:AAFo3iiw9loASRl5AyaDK7zqr-HUnwTxwLQ/getUpdates "HTTP/1.1 200 OK"
2025-05-14 17:36:25,146 - httpx - INFO - HTTP Request: POST https://api.telegram.org/bot7666744025:AAFo3iiw9loASRl5AyaDK7zqr-HUnwTxwLQ/getUpdates "HTTP/1.1 200 OK"
2025-05-14 17:36:26,399 - telegram.ext.Application - INFO - Application is stopping. This might take a moment.
2025-05-14 17:36:26,401 - apscheduler.scheduler - INFO - Scheduler has been shut down
2025-05-14 17:36:26,413 - telegram.ext.Application - INFO - Application.stop() complete
