2025-09-24 04:32:37 - __main__ - INFO - Backup Manager inicializado
2025-09-24 04:32:37 - __main__ - INFO - Backup creado exitosamente: /arca/archive/backup/test/prueba/test_prueba_test.md_prueba_2025-09-24_04-32-37.tar.gz
2025-09-24 04:32:37 - __main__ - INFO - Archivos incluidos: 1
2025-09-24 05:38:20 - __main__ - INFO - Backup Manager inicializado
2025-09-24 05:38:20 - __main__ - ERROR - El archivo de backup no existe: backup.tar.gz
2025-09-24 05:39:43 - __main__ - INFO - Backup Manager inicializado
2025-09-24 05:39:43 - __main__ - ERROR - Error restaurando backup: [Errno 17] File exists: 'test/prueba/test.md'
2025-09-24 05:42:47 - __main__ - INFO - Backup Manager inicializado
2025-09-24 05:42:47 - __main__ - INFO - Backup restaurado exitosamente: archive/backup/test/prueba/test_prueba_test.md_prueba_2025-09-24_04-32-37.tar.gz -> test/prueba/test.md
2025-09-24 05:44:45 - __main__ - INFO - Backup Manager inicializado
2025-09-24 05:55:55 - __main__ - INFO - Backup Manager inicializado
2025-09-24 05:55:55 - __main__ - INFO - Backup restaurado exitosamente: archive/backup/test/prueba/test_prueba_test.md_prueba_2025-09-24_04-32-37.tar.gz -> test
2025-09-24 05:56:45 - __main__ - INFO - Backup Manager inicializado
2025-09-24 05:56:45 - __main__ - ERROR - Error inesperado: 'archive/backup/test/prueba' is not in the subpath of '/arca/archive/backup' OR one path is relative and the other is absolute.
2025-09-24 05:57:00 - __main__ - INFO - Backup Manager inicializado
2025-09-24 05:57:00 - __main__ - ERROR - Error inesperado: 'archive/backup/test/prueba' is not in the subpath of '/arca/archive/backup' OR one path is relative and the other is absolute.
2025-09-24 05:57:06 - __main__ - INFO - Backup Manager inicializado
2025-09-24 05:57:06 - __main__ - INFO - Backup restaurado exitosamente: archive/backup/test/prueba/test_prueba_test.md_prueba_2025-09-24_04-32-37.tar.gz -> test
2025-09-24 05:57:28 - __main__ - INFO - Backup Manager inicializado
2025-09-24 05:57:28 - __main__ - INFO - Backup restaurado exitosamente: archive/backup/test/prueba/test_prueba_test.md_prueba_2025-09-24_04-32-37.tar.gz -> /arca
2025-09-24 05:57:54 - __main__ - INFO - Backup Manager inicializado
2025-09-24 05:57:54 - __main__ - INFO - Backup restaurado exitosamente: archive/backup/test/prueba/test_prueba_test.md_prueba_2025-09-24_04-32-37.tar.gz -> /arca
2025-09-24 05:58:07 - __main__ - INFO - Backup Manager inicializado
2025-09-24 05:58:07 - __main__ - INFO - Backup restaurado exitosamente: archive/backup/test/prueba/test_prueba_test.md_prueba_2025-09-24_04-32-37.tar.gz -> /arca
2025-09-24 06:12:39 - __main__ - INFO - Backup Manager inicializado
2025-09-24 06:12:39 - __main__ - INFO - Backup creado exitosamente: /arca/archive/backup/src/core/manager/backup/src_core_manager_backup_main.py_version_0.1.0estable_2025-09-24_06-12-39.tar.gz
2025-09-24 06:12:39 - __main__ - INFO - Archivos incluidos: 1
2025-09-24 06:13:37 - __main__ - INFO - Backup Manager inicializado
2025-09-24 06:13:37 - __main__ - INFO - Backup creado exitosamente: /arca/archive/backup/src/core/manager/backup/src_core_manager_backup_main.py_version_0.1.0estable_2025-09-24_06-13-37.tar.gz
2025-09-24 06:13:37 - __main__ - INFO - Archivos incluidos: 1
2025-09-26 04:50:59 - __main__ - INFO - Backup Manager inicializado
2025-09-26 04:50:59 - __main__ - INFO - Backup creado exitosamente: /arca/archive/backup/main.py_test_2025-09-26_04-50-59.tar.gz
2025-09-26 04:50:59 - __main__ - INFO - Archivos incluidos: 1
2025-09-26 04:54:13 - __main__ - INFO - Backup Manager inicializado
2025-09-26 04:54:13 - __main__ - INFO - Backup creado exitosamente: /arca/archive/backup/main.py_test_2025-09-26_04-54-13.tar.gz
2025-09-26 04:54:13 - __main__ - INFO - Archivos incluidos: 1
2025-09-26 05:08:05 - __main__ - INFO - Backup Manager inicializado
2025-09-26 05:08:05 - __main__ - WARNING - No se encontraron archivos con extensiones soportadas en: test/alma
2025-09-30 08:06:44 - __main__ - INFO - Backup Manager inicializado
2025-09-30 08:06:44 - __main__ - INFO - Backup creado exitosamente: /arca/archive/backup/src/core/manager/backup/main.py_primer_backup_2025-09-30_08-06-44.tar.gz
2025-09-30 08:06:44 - __main__ - INFO - Archivos incluidos: 1
2025-09-30 08:09:08 - __main__ - INFO - Backup Manager inicializado
2025-09-30 08:09:08 - __main__ - INFO - Backup creado exitosamente: /arca/archive/backup/trece/src/core/impositive/command/load_withdrawal.py_2025-09-30_08-09-08.tar.gz
2025-09-30 08:09:08 - __main__ - INFO - Archivos incluidos: 1
2025-09-30 08:13:23 - __main__ - INFO - Backup Manager inicializado
2025-09-30 08:13:23 - __main__ - INFO - Backup creado exitosamente: /arca/archive/backup/trece/src/core/impositive/impositive.py_2025-09-30_08-13-23.tar.gz
2025-09-30 08:13:23 - __main__ - INFO - Archivos incluidos: 1
